<?xml version="1.0" encoding="UTF-8"?>
<testng-results ignored="0" total="1" passed="1" failed="0" skipped="0">
  <reporter-output>
  </reporter-output>
  <suite started-at="2023-04-03T18:44:09 IST" name="Default suite" finished-at="2023-04-03T18:44:30 IST" duration-ms="21178">
    <groups>
    </groups>
    <test started-at="2023-04-03T18:44:09 IST" name="Default test" finished-at="2023-04-03T18:44:30 IST" duration-ms="21178">
      <class name="testing.GoogleSearchTest">
        <test-method is-config="true" signature="setUpTest()[pri:0, instance:testing.GoogleSearchTest@1ed4ae0f]" started-at="2023-04-03T18:44:09 IST" name="setUpTest" finished-at="2023-04-03T18:44:13 IST" duration-ms="3649" status="PASS">
          <reporter-output>
          </reporter-output>
        </test-method> <!-- setUpTest -->
        <test-method signature="googleSearchTest()[pri:0, instance:testing.GoogleSearchTest@1ed4ae0f]" started-at="2023-04-03T18:44:13 IST" name="googleSearchTest" finished-at="2023-04-03T18:44:25 IST" duration-ms="11736" status="PASS">
          <reporter-output>
          </reporter-output>
        </test-method> <!-- googleSearchTest -->
        <test-method is-config="true" signature="tearDownTest()[pri:0, instance:testing.GoogleSearchTest@1ed4ae0f]" started-at="2023-04-03T18:44:25 IST" name="tearDownTest" finished-at="2023-04-03T18:44:30 IST" duration-ms="5754" status="PASS">
          <reporter-output>
          </reporter-output>
        </test-method> <!-- tearDownTest -->
      </class> <!-- testing.GoogleSearchTest -->
    </test> <!-- Default test -->
  </suite> <!-- Default suite -->
</testng-results>
